Dec 27 21:13 : exception: Failed to open '/home/betty/.mpd/mpdstate': No such file or directory
Dec 27 21:13 : config: option 'device' on line 13 was not recognized
Dec 27 21:13 : update: added /How_You_Like_That_M_V-[ioNng23DkIM].mp3
Dec 27 21:13 : update: added /Perfect_Official_Music_Video-[2Vv-BfVoq4g].mp3
Dec 27 21:13 : update: added /Radioactive-[ktvTqknDobU].mp3
Dec 27 21:13 : update: added /Demons_Official_Video-[mWRsgZuwf_8].mp3
Dec 27 21:13 : update: added /Anh_ch_C_n_Gi_Nhi_u_Ngoai_Em_ft._V_._Thanh_ng_M_V-[KdrbBJNFwGw].mp3
Dec 27 21:13 : update: added /Counting_Stars_Official_Music_Video-[hT_nvWreIhg].mp3
Dec 27 21:13 : update: added /AMV_Leave_a_light_on_Vietsub_lyrics-[iudEfcbhb10].mp3
Dec 27 21:13 : update: added /Stitches_Official_Video-[VbfpW0pbvaU].mp3
Dec 27 21:13 : update: added /In_My_Blood-[36tggrpRoTI].mp3
Dec 27 21:13 : update: added /MORE_ft._Madison_Beer_G_I-DLE_Lexie_Liu_Jaira_Burns_Seraphine_Official_Music_Video-[3VTkBuxU4yk].mp3
Dec 27 21:13 : update: added /Whatever_It_Takes-[gOsM-DYAEhY].mp3
Dec 27 21:13 : update: added /Kill_This_Love_M_V-[2S24-y0Ij3Y].mp3
Dec 27 21:13 : update: added /You_Belong_With_Me-[VuNIsY6JdUw].mp3
Dec 27 21:13 : update: added /Believer-[7wtfhZwyrcc].mp3
Dec 27 21:13 : update: added /Castle_On_The_Hill_Official_Music_Video-[K0ibBPhiaG0].mp3
Dec 27 21:13 : update: added /Dark_Horse_Official_ft._Juicy_J-[0KSOMA3QBU0].mp3
Dec 27 21:13 : update: added /Shake_It_Off-[nfWlot6h_JM].mp3
Dec 27 21:13 : update: added /Uptown_Funk_Official_Video_ft._Bruno_Mars-[OPf0YbXqDm0].mp3
Dec 27 21:13 : update: added /Thang_T_La_L_i_Noi_D_i_C_a_Em_Official_MV-[UCXao7aTDQM].mp3
Dec 27 21:13 : update: added /Natural-[0I647GU3Jsc].mp3
Dec 27 21:13 : update: added /Say_You_Won_t_Let_Go-[0yW7w8F2TVA].mp3
Dec 27 21:13 : update: added /Roar_Official-[CevxZvSJLk8].mp3
Dec 27 21:13 : update: added /Closer_Lyric_ft._Halsey-[PT2_F-1esPk].mp3
Dec 27 21:13 : update: added /ONG_KI_M_EM_V_._Original-[NLBTbCfR-Fg].mp3
Dec 27 21:13 : update: added /Photograph_Official_Music_Video-[nSDgHBxUbVQ].mp3
Dec 27 21:13 : update: added /Bad_Blood_ft._Kendrick_Lamar-[QcIy9NiNbmo].mp3
Dec 27 21:13 : update: added /V_._Original-[8TszjrFJOe0].mp3
Dec 27 21:13 : update: added /Blank_Space-[e-ORhEE9VVg].mp3
Dec 27 21:13 : update: added /Taylor_Swift_exile_feat._Bon_Iver_Official_Lyric_Video-[osdoLjUNFnA].mp3
Dec 27 21:13 : update: added /Too_Good_At_Goodbyes_Official_Video-[J_ub7Etch2U].mp3
Dec 27 21:13 : update: added /Look_What_You_Made_Me_Do-[3tmd-ClpJxA].mp3
Dec 27 21:13 : update: added /Rolling_in_the_Deep_Official_Music_Video-[rYEDA3JcQqw].mp3
Dec 27 21:13 : update: added /Sugar_Official_Music_Video-[09R8_2nJtjg].mp3
Dec 27 21:13 : update: added /Wavin_Flag_Coca-Cola_Celebration_Mix-[WTJSt4wP2ME].mp3
Dec 27 21:13 : update: added /Something_Just_Like_This_Lyric-[FM7MFYoylVs].mp3
Dec 27 21:13 : update: added /When_We_Were_Young_Live_at_The_Church_Studios-[DDWKuo3gXMQ].mp3
Dec 27 21:13 : update: added /Love_Yourself_Live_At_Jingle_Bell_Ball_2015-[5V_FQa363Y0].mp3
Dec 27 21:13 : update: added /We_Don_t_Talk_Anymore_feat._Selena_Gomez_Official_Video-[3AtDnEC4zak].mp3
Dec 27 21:13 : update: added /Hanh_tinh_song_song_V_._Official_Audio-[Bmo4PSbB8E8].mp3
Dec 27 21:13 : update: added /L_LUNG_V_._Original-[F5tS5m86bOI].mp3
Dec 27 21:13 : update: added /24K_Magic_Official_Music_Video-[UqyT8IEBkvY].mp3
Dec 27 21:13 : update: added /R_i_S_L_i_Xuan-[MMgPOQ9gJhM].mp3
Dec 27 21:13 : update: added /Happier_Official_Music_Video-[iWZmdoY1aTE].mp3
Dec 27 21:13 : update: added /Dusk_Till_Dawn_Official_Video_ft._Sia-[tt2k8PGm-TI].mp3
Dec 27 21:13 : update: added /Galway_Girl_Official_Music_Video-[87gWaABqGYs].mp3
Dec 27 21:13 : update: added /Trung_Quan_Idol_Lyrics-[xq9KpBCFuXs].mp3
Dec 27 21:13 : update: added /Shape_of_You_Official_Music_Video-[JGwWNGJdvx8].mp3
Dec 27 21:13 : update: added /Someone_Like_You_Vietsub-[sj25Ar9VRqE].mp3
Dec 27 21:13 : update: added /God_s_Country_Official_Music_Video-[ZEWGyyLiqY4].mp3
Dec 27 21:13 : update: added /Andiez-[dLQe4qEfVJw].mp3
Dec 27 21:13 : update: added /See_You_Again_ft._Charlie_Puth_Official_Video_Furious_7_Soundtrack-[RgKAFK5djSk].mp3
Dec 27 21:13 : update: added /You_Spin_Me_Round_Feat._Silver_Letomi-[b4JfmlpAdRM].mp3
Dec 27 21:13 : update: added /Treat_You_Better-[lY2yjAdbvdQ].mp3
Dec 27 21:13 : update: added /Safe_Sound_feat._The_Civil_Wars_The_Hunger_Games_-_Songs_From_District_12_And_Beyond-[RzhAS_GnJIc].mp3
Dec 27 21:13 : update: added /Symphony_feat._Zara_Larsson_Official_Video-[aatr_2MstrI].mp3
Dec 27 21:19 : player: played "24K_Magic_Official_Music_Video-[UqyT8IEBkvY].mp3"
Dec 27 21:20 : config: option 'device' on line 13 was not recognized
Dec 27 21:20 : player: played "24K_Magic_Official_Music_Video-[UqyT8IEBkvY].mp3"
Dec 27 21:20 : exception: Not playing
Dec 27 21:21 : player: played "AMV_Leave_a_light_on_Vietsub_lyrics-[iudEfcbhb10].mp3"
Dec 27 21:21 : player: played "AMV_Leave_a_light_on_Vietsub_lyrics-[iudEfcbhb10].mp3"
Dec 27 21:58 : player: played "Too_Good_At_Goodbyes_Official_Video-[J_ub7Etch2U].mp3"
Dec 27 21:59 : config: option 'device' on line 13 was not recognized
Dec 27 22:09 : player: played "Too_Good_At_Goodbyes_Official_Video-[J_ub7Etch2U].mp3"
Dec 27 22:12 : config: option 'device' on line 13 was not recognized
Dec 27 23:39 : player: played "Too_Good_At_Goodbyes_Official_Video-[J_ub7Etch2U].mp3"
Dec 27 23:39 : config: option 'device' on line 13 was not recognized
Dec 27 23:52 : player: played "Something_Just_Like_This_Lyric-[FM7MFYoylVs].mp3"
Dec 28 01:57 : config: option 'device' on line 13 was not recognized
Dec 28 09:02 : player: played "Something_Just_Like_This_Lyric-[FM7MFYoylVs].mp3"
Dec 28 09:07 : player: played "When_We_Were_Young_Live_at_The_Church_Studios-[DDWKuo3gXMQ].mp3"
Dec 28 09:11 : player: played "Galway_Girl_Official_Music_Video-[87gWaABqGYs].mp3"
Dec 28 09:14 : player: played "Happier_Official_Music_Video-[iWZmdoY1aTE].mp3"
Dec 28 09:18 : player: played "Say_You_Won_t_Let_Go-[0yW7w8F2TVA].mp3"
Dec 28 11:01 : player: played "Trung_Quan_Idol_Lyrics-[xq9KpBCFuXs].mp3"
Dec 28 11:03 : config: option 'device' on line 13 was not recognized
Dec 28 12:44 : player: played "Sugar_Official_Music_Video-[09R8_2nJtjg].mp3"
Dec 28 12:46 : config: option 'device' on line 13 was not recognized
Dec 28 17:26 : player: played "Sugar_Official_Music_Video-[09R8_2nJtjg].mp3"
Dec 28 17:26 : config: option 'device' on line 13 was not recognized
Dec 28 22:04 : player: played "Something_Just_Like_This_Lyric-[FM7MFYoylVs].mp3"
Dec 28 22:10 : player: played "Andiez-[dLQe4qEfVJw].mp3"
